<testsuites name="inji-conformance-gate"><testsuite name="certify.oid4vci-1_0-issuer-test-plan" tests="9" failures="0" skipped="5"><testcase classname="certify.oid4vci-1_0-issuer-test-plan" name="oid4vci-1_0-issuer-metadata-test" time="0.2" /><testcase classname="certify.oid4vci-1_0-issuer-test-plan" name="oid4vci-1_0-issuer-metadata-test-signed" time="0.1"><skipped message="KNOWN_ISSUE: 2 failure(s) match the benchmark https://github.com/inji/inji-certify/issues/941" /></testcase><testcase classname="certify.oid4vci-1_0-issuer-test-plan" name="oid4vci-1_0-issuer-happy-flow" time="0.4"><skipped message="KNOWN_ISSUE: 1 failure(s) match the benchmark https://github.com/inji/inji-certify/issues/941" /></testcase><testcase classname="certify.oid4vci-1_0-issuer-test-plan" name="oid4vci-1_0-issuer-happy-flow-additional-requests" time="1.8"><skipped message="KNOWN_ISSUE: 1 failure(s) match the benchmark https://github.com/inji/inji-certify/issues/941" /></testcase><testcase classname="certify.oid4vci-1_0-issuer-test-plan" name="oid4vci-1_0-issuer-fail-invalid-nonce" time="1.9" /><testcase classname="certify.oid4vci-1_0-issuer-test-plan" name="oid4vci-1_0-issuer-fail-invalid-jwt-proof-signature" time="1.6" /><testcase classname="certify.oid4vci-1_0-issuer-test-plan" name="oid4vci-1_0-issuer-fail-missing-proof" time="1.8" /><testcase classname="certify.oid4vci-1_0-issuer-test-plan" name="oid4vci-1_0-issuer-fail-unknown-credential-configuration" time="1.6"><skipped message="KNOWN_ISSUE: 1 failure(s) match the benchmark https://github.com/inji/inji-certify/issues/941" /></testcase><testcase classname="certify.oid4vci-1_0-issuer-test-plan" name="oid4vci-1_0-issuer-fail-on-access-token-in-query" time="1.9"><skipped message="KNOWN_ISSUE: 1 failure(s) match the benchmark https://github.com/inji/inji-certify/issues/941" /></testcase></testsuite><testsuite name="verify.oid4vp-1final-verifier-test-plan" tests="11" failures="0" skipped="0"><testcase classname="verify.oid4vp-1final-verifier-test-plan" name="oid4vp-1final-verifier-happy-flow" time="3.9" /><testcase classname="verify.oid4vp-1final-verifier-test-plan" name="oid4vp-1final-verifier-minimal-cnf-jwk" time="3.3" /><testcase classname="verify.oid4vp-1final-verifier-test-plan" name="oid4vp-1final-verifier-request-uri-method-post" time="3.5" /><testcase classname="verify.oid4vp-1final-verifier-test-plan" name="oid4vp-1final-verifier-request-uri-fetched-twice" time="3.5" /><testcase classname="verify.oid4vp-1final-verifier-test-plan" name="oid4vp-1final-verifier-invalid-kb-jwt-signature" time="4.6" /><testcase classname="verify.oid4vp-1final-verifier-test-plan" name="oid4vp-1final-verifier-invalid-credential-signature" time="4.2" /><testcase classname="verify.oid4vp-1final-verifier-test-plan" name="oid4vp-1final-verifier-invalid-sd-hash" time="4.4" /><testcase classname="verify.oid4vp-1final-verifier-test-plan" name="oid4vp-1final-verifier-invalid-kb-jwt-nonce" time="1.4" /><testcase classname="verify.oid4vp-1final-verifier-test-plan" name="oid4vp-1final-verifier-invalid-kb-jwt-aud" time="1.5" /><testcase classname="verify.oid4vp-1final-verifier-test-plan" name="oid4vp-1final-verifier-kb-jwt-iat-in-past" time="1.4" /><testcase classname="verify.oid4vp-1final-verifier-test-plan" name="oid4vp-1final-verifier-kb-jwt-iat-in-future" time="1.5" /></testsuite></testsuites>